Info: Starting: Create HDL design files for synthesis
Info: ip-generate --project-directory=H:/DSD_DE0/DSD/ --output-directory=H:/DSD_DE0/DSD/first_nios2_system/synthesis/ --file-set=QUARTUS_SYNTH --report-file=sopcinfo:H:/DSD_DE0/DSD/first_nios2_system.sopcinfo --report-file=html:H:/DSD_DE0/DSD/first_nios2_system.html --report-file=qip:H:/DSD_DE0/DSD/first_nios2_system/synthesis/first_nios2_system.qip --system-info=DEVICE_FAMILY="Cyclone II" --system-info=DEVICE=EP2C70F896C6 --system-info=DEVICE_SPEEDGRADE=6 --component-file=H:/DSD_DE0/DSD/first_nios2_system.qsys
Progress: Loading DSD/first_nios2_system.qsys
Progress: Reading input file
Progress: Adding clk_0 [clock_source 12.0]
Progress: Parameterizing module clk_0
Progress: Adding onchip_mem [altera_avalon_onchip_memory2 12.0]
Progress: Parameterizing module onchip_mem
Progress: Adding cpu [altera_nios2_qsys 12.0]
Progress: Parameterizing module cpu
Progress: Adding jtag_uart [altera_avalon_jtag_uart 12.0]
Progress: Parameterizing module jtag_uart
Progress: Adding sys_clk_timer [altera_avalon_timer 12.0]
Progress: Parameterizing module sys_clk_timer
Progress: Adding sysid [altera_avalon_sysid_qsys 12.0]
Progress: Parameterizing module sysid
Progress: Adding led_pio [altera_avalon_pio 12.0]
Progress: Parameterizing module led_pio
Progress: Adding sdram_0 [altera_avalon_new_sdram_controller 12.0]
Progress: Parameterizing module sdram_0
Progress: Adding altpll_0 [altpll 12.0]
Progress: Parameterizing module altpll_0
Progress: Building connections
Progress: Parameterizing connections
Progress: Validating
Progress: Done reading input file
Info: first_nios2_system.sysid: System ID will no longer be automatically assigned.
Info: first_nios2_system.sysid: Time stamp will be automatically updated when this component is generated.
Warning: first_nios2_system.altpll_0: altpll_0.pll_slave must be connected to an Avalon-MM master
Warning: first_nios2_system.altpll_0: altpll_0.areset_conduit must be exported, or connected to a matching conduit.
Warning: first_nios2_system.altpll_0: altpll_0.locked_conduit must be exported, or connected to a matching conduit.
Warning: first_nios2_system.altpll_0: altpll_0.phasedone_conduit must be exported, or connected to a matching conduit.
Info: first_nios2_system: Generating first_nios2_system "first_nios2_system" for QUARTUS_SYNTH
Info: pipeline_bridge_swap_transform: After transform: 8 modules, 24 connections
Info: No custom instruction connections, skipping transform 
Info: merlin_translator_transform: After transform: 16 modules, 48 connections
Info: merlin_domain_transform: After transform: 31 modules, 126 connections
Info: merlin_router_transform: After transform: 39 modules, 150 connections
Info: merlin_traffic_limiter_transform: After transform: 40 modules, 154 connections
Info: merlin_burst_transform: After transform: 41 modules, 157 connections
Info: reset_adaptation_transform: After transform: 42 modules, 159 connections
Info: merlin_network_to_switch_transform: After transform: 57 modules, 191 connections
Info: merlin_width_transform: After transform: 59 modules, 197 connections
Info: limiter_update_transform: After transform: 59 modules, 198 connections
Info: merlin_interrupt_mapper_transform: After transform: 60 modules, 201 connections
Info: cpu: Starting RTL generation for module 'first_nios2_system_cpu'
Info: cpu:   Generation command is [exec C:/altera/quartus/../ip/altera/nios2_ip/altera_nios2/eperl.exe -I C:/altera/quartus/common/ip/altera/common/perl/5.8.3 -I C:/altera/quartus/sopc_builder/bin/europa -I C:/altera/quartus/sopc_builder/bin/perl_lib -I C:/altera/quartus/sopc_builder/bin -I C:/altera/quartus/../ip/altera/nios2_ip/altera_nios2/cpu_lib -I C:/altera/quartus/../ip/altera/nios2_ip/altera_nios2/nios_lib -I C:/altera/quartus/../ip/altera/nios2_ip/altera_nios2 -I C:/altera/quartus/../ip/altera/nios2_ip/altera_nios2 -- C:/altera/quartus/../ip/altera/nios2_ip/altera_nios2/generate_rtl.epl --name=first_nios2_system_cpu --dir=C:/Users/rs5010/AppData/Local/Temp/alt5758_8851825892792318396.dir/0001_cpu_gen/ --quartus_dir=C:/altera/quartus --verilog --config=C:/Users/rs5010/AppData/Local/Temp/alt5758_8851825892792318396.dir/0001_cpu_gen//first_nios2_system_cpu_processor_configuration.pl  --do_build_sim=0    --bogus  ]
Info: cpu: # 2013.02.22 17:12:28 (*) Starting Nios II generation
Info: cpu: # 2013.02.22 17:12:28 (*)   Checking for encrypted license (non-evaluation).
Info: cpu: # 2013.02.22 17:12:34 (*)   Couldn't query license setup in Quartus directory C:/altera/quartus
Info: cpu: # 2013.02.22 17:12:34 (*)   Defaulting to contents of LM_LICENSE_FILE environment variable
Info: cpu: # 2013.02.22 17:12:35 (*)   Encrypted license found.  SOF will not be time-limited.
Info: cpu: # 2013.02.22 17:12:35 (*)   Elaborating CPU configuration settings
Info: cpu: # 2013.02.22 17:12:35 (*)   Creating all objects for CPU
Info: cpu: # 2013.02.22 17:12:36 (*)     Pipeline frontend
Info: cpu: # 2013.02.22 17:12:37 (*)   Generating RTL from CPU objects
Info: cpu: # 2013.02.22 17:12:39 (*)   Creating encrypted RTL
Info: cpu: # 2013.02.22 17:12:40 (*) Done Nios II generation
Info: cpu: Done RTL generation for module 'first_nios2_system_cpu'
Info: cpu: "first_nios2_system" instantiated altera_nios2_qsys "cpu"
Info: Starting classic module elaboration.
"c:/altera/quartus/bin/jre/bin/java.exe" -Xmx512M -classpath "c:/altera/quartus/sopc_builder/bin/sopc_builder.jar;c:/altera/quartus/sopc_builder/bin/PinAssigner.jar;c:/altera/quartus/sopc_builder/bin/sopc_wizard.jar;c:/altera/quartus/sopc_builder/bin/jptf.jar" sopc_builder.sopc_builder  -d"c:/altera/quartus/sopc_builder" -notalkback=1 -projectnameyysystem.qpf -projectpathC:/Users/rs5010/AppData/Local/Temp/alt5758_8851825892792318396.dir/0002_sopclgen  --no_splash --refresh C:/Users/rs5010/AppData/Local/Temp/alt5758_8851825892792318396.dir/0002_sopclgen/yysystem.v --quartus_dir="c:/altera/quartus" --sopc_perl="c:/altera/quartus/bin/perl" --sopc_lib_path="++c:/altera/quartus/../ip/altera/sopc_builder_ip+c:/altera/quartus/../ip/altera/nios2_ip"
Info: Finished elaborating classic module.
Executing: C:/altera/quartus//sopc_builder/bin/sopc_builder --classic --generate C:/Users/rs5010/AppData/Local/Temp/alt5758_8851825892792318396.dir/0002_sopclgen/yysystem.ptf
Info: Running sopc_builder...
"c:/altera/quartus/bin/jre/bin/java.exe" -Xmx512M -classpath "c:/altera/quartus/sopc_builder/bin/sopc_builder.jar;c:/altera/quartus/sopc_builder/bin/PinAssigner.jar;c:/altera/quartus/sopc_builder/bin/sopc_wizard.jar;c:/altera/quartus/sopc_builder/bin/jptf.jar" sopc_builder.sopc_builder  -d"c:/altera/quartus/sopc_builder" -notalkback=1 -projectnameyysystem.qpf -projectpathC:/Users/rs5010/AppData/Local/Temp/alt5758_8851825892792318396.dir/0002_sopclgen  --generate C:/Users/rs5010/AppData/Local/Temp/alt5758_8851825892792318396.dir/0002_sopclgen/yysystem.v --quartus_dir="c:/altera/quartus" --sopc_perl="c:/altera/quartus/bin/perl" --sopc_lib_path="++c:/altera/quartus/../ip/altera/sopc_builder_ip+c:/altera/quartus/../ip/altera/nios2_ip"
No .sopc_builder configuration file(!)
.
# 2013.02.22 17:12:58 (*) Success: sopc_builder finished.
Info: jtag_uart: "first_nios2_system" instantiated altera_avalon_jtag_uart "jtag_uart"
Info: Starting classic module elaboration.
"c:/altera/quartus/bin/jre/bin/java.exe" -Xmx512M -classpath "c:/altera/quartus/sopc_builder/bin/sopc_builder.jar;c:/altera/quartus/sopc_builder/bin/PinAssigner.jar;c:/altera/quartus/sopc_builder/bin/sopc_wizard.jar;c:/altera/quartus/sopc_builder/bin/jptf.jar" sopc_builder.sopc_builder  -d"c:/altera/quartus/sopc_builder" -notalkback=1 -projectnameyysystem.qpf -projectpathC:/Users/rs5010/AppData/Local/Temp/alt5758_8851825892792318396.dir/0003_sopclgen  --no_splash --refresh C:/Users/rs5010/AppData/Local/Temp/alt5758_8851825892792318396.dir/0003_sopclgen/yysystem.v --quartus_dir="c:/altera/quartus" --sopc_perl="c:/altera/quartus/bin/perl" --sopc_lib_path="++c:/altera/quartus/../ip/altera/sopc_builder_ip+c:/altera/quartus/../ip/altera/nios2_ip"
Info: Finished elaborating classic module.
Executing: C:/altera/quartus//sopc_builder/bin/sopc_builder --classic --generate C:/Users/rs5010/AppData/Local/Temp/alt5758_8851825892792318396.dir/0003_sopclgen/yysystem.ptf
Info: Running sopc_builder...
"c:/altera/quartus/bin/jre/bin/java.exe" -Xmx512M -classpath "c:/altera/quartus/sopc_builder/bin/sopc_builder.jar;c:/altera/quartus/sopc_builder/bin/PinAssigner.jar;c:/altera/quartus/sopc_builder/bin/sopc_wizard.jar;c:/altera/quartus/sopc_builder/bin/jptf.jar" sopc_builder.sopc_builder  -d"c:/altera/quartus/sopc_builder" -notalkback=1 -projectnameyysystem.qpf -projectpathC:/Users/rs5010/AppData/Local/Temp/alt5758_8851825892792318396.dir/0003_sopclgen  --generate C:/Users/rs5010/AppData/Local/Temp/alt5758_8851825892792318396.dir/0003_sopclgen/yysystem.v --quartus_dir="c:/altera/quartus" --sopc_perl="c:/altera/quartus/bin/perl" --sopc_lib_path="++c:/altera/quartus/../ip/altera/sopc_builder_ip+c:/altera/quartus/../ip/altera/nios2_ip"
No .sopc_builder configuration file(!)
.
# 2013.02.22 17:13:12 (*) Success: sopc_builder finished.
Info: sys_clk_timer: "first_nios2_system" instantiated altera_avalon_timer "sys_clk_timer"
Info: sysid: "first_nios2_system" instantiated altera_avalon_sysid_qsys "sysid"
Info: Starting classic module elaboration.
"c:/altera/quartus/bin/jre/bin/java.exe" -Xmx512M -classpath "c:/altera/quartus/sopc_builder/bin/sopc_builder.jar;c:/altera/quartus/sopc_builder/bin/PinAssigner.jar;c:/altera/quartus/sopc_builder/bin/sopc_wizard.jar;c:/altera/quartus/sopc_builder/bin/jptf.jar" sopc_builder.sopc_builder  -d"c:/altera/quartus/sopc_builder" -notalkback=1 -projectnameyysystem.qpf -projectpathC:/Users/rs5010/AppData/Local/Temp/alt5758_8851825892792318396.dir/0005_sopclgen  --no_splash --refresh C:/Users/rs5010/AppData/Local/Temp/alt5758_8851825892792318396.dir/0005_sopclgen/yysystem.v --quartus_dir="c:/altera/quartus" --sopc_perl="c:/altera/quartus/bin/perl" --sopc_lib_path="++c:/altera/quartus/../ip/altera/sopc_builder_ip+c:/altera/quartus/../ip/altera/nios2_ip"
Info: Finished elaborating classic module.
Executing: C:/altera/quartus//sopc_builder/bin/sopc_builder --classic --generate C:/Users/rs5010/AppData/Local/Temp/alt5758_8851825892792318396.dir/0005_sopclgen/yysystem.ptf
Info: Running sopc_builder...
"c:/altera/quartus/bin/jre/bin/java.exe" -Xmx512M -classpath "c:/altera/quartus/sopc_builder/bin/sopc_builder.jar;c:/altera/quartus/sopc_builder/bin/PinAssigner.jar;c:/altera/quartus/sopc_builder/bin/sopc_wizard.jar;c:/altera/quartus/sopc_builder/bin/jptf.jar" sopc_builder.sopc_builder  -d"c:/altera/quartus/sopc_builder" -notalkback=1 -projectnameyysystem.qpf -projectpathC:/Users/rs5010/AppData/Local/Temp/alt5758_8851825892792318396.dir/0005_sopclgen  --generate C:/Users/rs5010/AppData/Local/Temp/alt5758_8851825892792318396.dir/0005_sopclgen/yysystem.v --quartus_dir="c:/altera/quartus" --sopc_perl="c:/altera/quartus/bin/perl" --sopc_lib_path="++c:/altera/quartus/../ip/altera/sopc_builder_ip+c:/altera/quartus/../ip/altera/nios2_ip"
No .sopc_builder configuration file(!)
.
# 2013.02.22 17:13:23 (*) Success: sopc_builder finished.
Info: led_pio: "first_nios2_system" instantiated altera_avalon_pio "led_pio"
Info: Starting classic module elaboration.
"c:/altera/quartus/bin/jre/bin/java.exe" -Xmx512M -classpath "c:/altera/quartus/sopc_builder/bin/sopc_builder.jar;c:/altera/quartus/sopc_builder/bin/PinAssigner.jar;c:/altera/quartus/sopc_builder/bin/sopc_wizard.jar;c:/altera/quartus/sopc_builder/bin/jptf.jar" sopc_builder.sopc_builder  -d"c:/altera/quartus/sopc_builder" -notalkback=1 -projectnameyysystem.qpf -projectpathC:/Users/rs5010/AppData/Local/Temp/alt5758_8851825892792318396.dir/0006_sopclgen  --no_splash --refresh C:/Users/rs5010/AppData/Local/Temp/alt5758_8851825892792318396.dir/0006_sopclgen/yysystem.v --quartus_dir="c:/altera/quartus" --sopc_perl="c:/altera/quartus/bin/perl" --sopc_lib_path="++c:/altera/quartus/../ip/altera/sopc_builder_ip+c:/altera/quartus/../ip/altera/nios2_ip"
Info: Finished elaborating classic module.
Executing: C:/altera/quartus//sopc_builder/bin/sopc_builder --classic --generate C:/Users/rs5010/AppData/Local/Temp/alt5758_8851825892792318396.dir/0006_sopclgen/yysystem.ptf
Info: Running sopc_builder...
"c:/altera/quartus/bin/jre/bin/java.exe" -Xmx512M -classpath "c:/altera/quartus/sopc_builder/bin/sopc_builder.jar;c:/altera/quartus/sopc_builder/bin/PinAssigner.jar;c:/altera/quartus/sopc_builder/bin/sopc_wizard.jar;c:/altera/quartus/sopc_builder/bin/jptf.jar" sopc_builder.sopc_builder  -d"c:/altera/quartus/sopc_builder" -notalkback=1 -projectnameyysystem.qpf -projectpathC:/Users/rs5010/AppData/Local/Temp/alt5758_8851825892792318396.dir/0006_sopclgen  --generate C:/Users/rs5010/AppData/Local/Temp/alt5758_8851825892792318396.dir/0006_sopclgen/yysystem.v --quartus_dir="c:/altera/quartus" --sopc_perl="c:/altera/quartus/bin/perl" --sopc_lib_path="++c:/altera/quartus/../ip/altera/sopc_builder_ip+c:/altera/quartus/../ip/altera/nios2_ip"
No .sopc_builder configuration file(!)
.
.
# 2013.02.22 17:13:34 (*) Running Test Generator Program for first_nios2_system_sdram_0
# 2013.02.22 17:13:35 (*) Success: sopc_builder finished.
Info: sdram_0: "first_nios2_system" instantiated altera_avalon_new_sdram_controller "sdram_0"
Info: altpll_0: "first_nios2_system" instantiated altpll "altpll_0"
Info: cpu_instruction_master_translator: "first_nios2_system" instantiated altera_merlin_master_translator "cpu_instruction_master_translator"
Info: cpu_jtag_debug_module_translator: "first_nios2_system" instantiated altera_merlin_slave_translator "cpu_jtag_debug_module_translator"
Info: cpu_instruction_master_translator_avalon_universal_master_0_agent: "first_nios2_system" instantiated altera_merlin_master_agent "cpu_instruction_master_translator_avalon_universal_master_0_agent"
Info: cpu_jtag_debug_module_translator_avalon_universal_slave_0_agent: "first_nios2_system" instantiated altera_merlin_slave_agent "cpu_jtag_debug_module_translator_avalon_universal_slave_0_agent"
Info: cpu_jtag_debug_module_translator_avalon_universal_slave_0_agent_rsp_fifo: "first_nios2_system" instantiated altera_avalon_sc_fifo "cpu_jtag_debug_module_translator_avalon_universal_slave_0_agent_rsp_fifo"
Info: addr_router: "first_nios2_system" instantiated altera_merlin_router "addr_router"
Info: addr_router_001: "first_nios2_system" instantiated altera_merlin_router "addr_router_001"
Info: id_router: "first_nios2_system" instantiated altera_merlin_router "id_router"
Info: id_router_001: "first_nios2_system" instantiated altera_merlin_router "id_router_001"
Info: id_router_002: "first_nios2_system" instantiated altera_merlin_router "id_router_002"
Info: limiter: "first_nios2_system" instantiated altera_merlin_traffic_limiter "limiter"
Info: burst_adapter: "first_nios2_system" instantiated altera_merlin_burst_adapter "burst_adapter"
Info: rst_controller: "first_nios2_system" instantiated altera_reset_controller "rst_controller"
Info: cmd_xbar_demux: "first_nios2_system" instantiated altera_merlin_demultiplexer "cmd_xbar_demux"
Info: cmd_xbar_demux_001: "first_nios2_system" instantiated altera_merlin_demultiplexer "cmd_xbar_demux_001"
Info: cmd_xbar_mux: "first_nios2_system" instantiated altera_merlin_multiplexer "cmd_xbar_mux"
Info: rsp_xbar_demux: "first_nios2_system" instantiated altera_merlin_demultiplexer "rsp_xbar_demux"
Info: rsp_xbar_demux_002: "first_nios2_system" instantiated altera_merlin_demultiplexer "rsp_xbar_demux_002"
Info: rsp_xbar_mux: "first_nios2_system" instantiated altera_merlin_multiplexer "rsp_xbar_mux"
Info: Reusing file H:/DSD_DE0/DSD/first_nios2_system/synthesis/submodules/altera_merlin_arbitrator.sv
Info: rsp_xbar_mux_001: "first_nios2_system" instantiated altera_merlin_multiplexer "rsp_xbar_mux_001"
Info: Reusing file H:/DSD_DE0/DSD/first_nios2_system/synthesis/submodules/altera_merlin_arbitrator.sv
Info: width_adapter: "first_nios2_system" instantiated altera_merlin_width_adapter "width_adapter"
Info: Reusing file H:/DSD_DE0/DSD/first_nios2_system/synthesis/submodules/altera_merlin_burst_uncompressor.sv
Info: irq_mapper: "first_nios2_system" instantiated altera_irq_mapper "irq_mapper"
Info: first_nios2_system: Done first_nios2_system" with 30 modules, 82 files, 1604803 bytes
Info: ip-generate succeeded.
Info: Finished: Create HDL design files for synthesis
