
**** Build of configuration Nios II for project dsd ****

make -j16 all 
Info: Building ../dsd_bsp
make --no-print-directory -C ../dsd_bsp
Info: Compiling hello_world.c to obj/default/hello_world.o
nios2-elf-gcc -xc -MP -MMD -c -I../dsd_bsp/HAL/inc -I../dsd_bsp -I../dsd_bsp/drivers/inc  -DSYSTEM_BUS_WIDTH=32 -pipe -D__hal__ -DALT_NO_C_PLUS_PLUS -DALT_NO_INSTRUCTION_EMULATION -DALT_SINGLE_THREADED    -O3 -g -Wall -std=c99  -EL -mno-hw-div -mhw-mul -mno-hw-mulx  -o obj/default/hello_world.o hello_world.c
In file included from hello_world.c:27:
./fp_custom/fp_custom.h:14:8: warning: extra tokens at end of #endif directive
[BSP build complete]
Info: Linking dsd.elf
nios2-elf-g++  -T'../dsd_bsp/linker.x' -msys-crt0='../dsd_bsp/obj/HAL/src/crt0.o' -msys-lib=hal_bsp -L../dsd_bsp   -Wl,-Map=dsd.map   -O3 -g -Wall -std=c99  -EL -mno-hw-div -mhw-mul -mno-hw-mulx  -o dsd.elf obj/default/hello_world.o -lm 
nios2-elf-insert dsd.elf --thread_model hal --cpu_name cpu --qsys true --simulation_enabled false --id 0 --sidp 0x8001038 --timestamp 1363010550 --stderr_dev jtag_uart --stdin_dev jtag_uart --stdout_dev jtag_uart --sopc_system_name first_nios2_system --quartus_project_dir "C:/local_dsd/fp_cust_simple/DSD" --jdi C:/local_dsd/fp_cust_simple/DSD/hello_world.jdi --sopcinfo C:/local_dsd/fp_cust_simple/DSD/first_nios2_system.sopcinfo
Info: (dsd.elf) 376 Bytes program size (code + initialized data).
Info:           8191 KBytes free for stack + heap.
Info: Creating dsd.objdump
nios2-elf-objdump --disassemble --syms --all-header --source dsd.elf >dsd.objdump
[dsd build complete]

**** Build Finished ****

**** Build of configuration Nios II for project dsd ****

make -j16 all 
Info: Building ../dsd_bsp
make --no-print-directory -C ../dsd_bsp
[BSP build complete]
[dsd build complete]

**** Build Finished ****

**** Build of configuration Nios II for project dsd ****

make -j16 all 
Info: Building ../dsd_bsp
make --no-print-directory -C ../dsd_bsp
[BSP build complete]
[dsd build complete]

**** Build Finished ****

**** Build of configuration Nios II for project dsd ****

make -j16 all 
Info: Building ../dsd_bsp
Info: Compiling hello_world.c to obj/default/hello_world.o
make --no-print-directory -C ../dsd_bsp
nios2-elf-gcc -xc -MP -MMD -c -I../dsd_bsp/HAL/inc -I../dsd_bsp -I../dsd_bsp/drivers/inc  -DSYSTEM_BUS_WIDTH=32 -pipe -D__hal__ -DALT_NO_C_PLUS_PLUS -DALT_NO_INSTRUCTION_EMULATION -DALT_SINGLE_THREADED    -O3 -g -Wall -std=c99  -EL -mno-hw-div -mhw-mul -mno-hw-mulx  -o obj/default/hello_world.o hello_world.c
In file included from hello_world.c:27:
./fp_custom/fp_custom.h:14:8: warning: extra tokens at end of #endif directive
hello_world.c: In function 'main':
hello_world.c:104: error: 'c' undeclared (first use in this function)
hello_world.c:104: error: (Each undeclared identifier is reported only once
hello_world.c:104: error: for each function it appears in.)
hello_world.c:104: error: 'a' undeclared (first use in this function)
hello_world.c:104: error: 'b' undeclared (first use in this function)
hello_world.c:106: warning: implicit declaration of function 'gcvt'
hello_world.c:106: error: 'buf' undeclared (first use in this function)
make: *** [obj/default/hello_world.o] Error 1
make: *** Waiting for unfinished jobs....
[BSP build complete]

**** Build Finished ****

**** Build of configuration Nios II for project dsd ****

make -j16 all 
Info: Building ../dsd_bsp
Info: Compiling hello_world.c to obj/default/hello_world.o
make --no-print-directory -C ../dsd_bsp
nios2-elf-gcc -xc -MP -MMD -c -I../dsd_bsp/HAL/inc -I../dsd_bsp -I../dsd_bsp/drivers/inc  -DSYSTEM_BUS_WIDTH=32 -pipe -D__hal__ -DALT_NO_C_PLUS_PLUS -DALT_NO_INSTRUCTION_EMULATION -DALT_SINGLE_THREADED    -O3 -g -Wall -std=c99  -EL -mno-hw-div -mhw-mul -mno-hw-mulx  -o obj/default/hello_world.o hello_world.c
In file included from hello_world.c:27:
./fp_custom/fp_custom.h:14:8: warning: extra tokens at end of #endif directive
hello_world.c: In function 'main':
hello_world.c:106: warning: implicit declaration of function 'gcvt'
[BSP build complete]
Info: Linking dsd.elf
nios2-elf-g++  -T'../dsd_bsp/linker.x' -msys-crt0='../dsd_bsp/obj/HAL/src/crt0.o' -msys-lib=hal_bsp -L../dsd_bsp   -Wl,-Map=dsd.map   -O3 -g -Wall -std=c99  -EL -mno-hw-div -mhw-mul -mno-hw-mulx  -o dsd.elf obj/default/hello_world.o -lm 
nios2-elf-insert dsd.elf --thread_model hal --cpu_name cpu --qsys true --simulation_enabled false --id 0 --sidp 0x8001038 --timestamp 1363010550 --stderr_dev jtag_uart --stdin_dev jtag_uart --stdout_dev jtag_uart --sopc_system_name first_nios2_system --quartus_project_dir "C:/local_dsd/fp_cust_simple/DSD" --jdi C:/local_dsd/fp_cust_simple/DSD/hello_world.jdi --sopcinfo C:/local_dsd/fp_cust_simple/DSD/first_nios2_system.sopcinfo
Info: (dsd.elf) 45 KBytes program size (code + initialized data).
Info:           8139 KBytes free for stack + heap.
Info: Creating dsd.objdump
nios2-elf-objdump --disassemble --syms --all-header --source dsd.elf >dsd.objdump
[dsd build complete]

**** Build Finished ****
